

Version:	3.50
CmdLine:	D:\English-DictApp\EnglishDictApp\app.exe --l4j-debug
JNI:		No
WOW64:		Yes
Create mutex:	hara
Working dir:	D:\English-DictApp\EnglishDictApp\.
Requires JDK:	No
Requires 64-Bit: No
Java min ver:	1.008.000
Java max ver:	
Substitute:	JAVA_HOME = C:\Program Files\Java\jdk-20
Substitute:	PATH = C:\Program Files (x86)\Common Files\Intel\Shared Libraries\redist\intel64\compiler;C:\Program Files\Common Files\Oracle\Java\javapath;C:\Program Files (x86)\Common Files\Oracle\Java\javapath;C:\Windows\system32;C:\Windows;C:\Windows\System32\Wbem;C:\Windows\System32\WindowsPowerShell\v1.0\;C:\Windows\System32\OpenSSH\;C:\MinGW\bin\;C:\Program Files\Git\cmd;C:\Program Files\dotnet\;C:\Users\ACER\AppData\Local\Programs\Python\Python311\Scripts\;C:\Users\ACER\AppData\Local\Programs\Python\Python311\;C:\Users\ACER\AppData\Local\Microsoft\WindowsApps;;C:\Users\ACER\AppData\Local\Programs\Microsoft VS Code\bin;C:\Program Files\Java\jdk-20\bin
JRE paths:	C:\Program Files\Java\jdk-20;C:\Program Files (x86)\Common Files\Intel\Shared Libraries\redist\intel64\compiler;C:\Program Files\Common Files\Oracle\Java\javapath;C:\Program Files (x86)\Common Files\Oracle\Java\javapath;C:\Windows\system32;C:\Windows;C:\Windows\System32\Wbem;C:\Windows\System32\WindowsPowerShell\v1.0\;C:\Windows\System32\OpenSSH\;C:\MinGW\bin\;C:\Program Files\Git\cmd;C:\Program Files\dotnet\;C:\Users\ACER\AppData\Local\Programs\Python\Python311\Scripts\;C:\Users\ACER\AppData\Local\Programs\Python\Python311\;C:\Users\ACER\AppData\Local\Microsoft\WindowsApps;;C:\Users\ACER\AppData\Local\Programs\Microsoft VS Code\bin;C:\Program Files\Java\jdk-20\bin
Check launcher:	C:\Program Files\Java\jdk-20\bin\javaw.exe (OK)
Version string: 1.020.000_002 / 64-Bit (OK)
Launcher:	C:\Program Files\Java\jdk-20\bin\javaw.exe
Launcher args:	-jar "D:\English-DictApp\EnglishDictApp\app.exe"
Args length:	48/32768 chars
Exit code:	0


Version:	3.50
CmdLine:	D:\English-DictApp\EnglishDictApp\app.exe --l4j-debug
JNI:		No
WOW64:		Yes
Working dir:	D:\English-DictApp\EnglishDictApp\.
Requires JDK:	No
Requires 64-Bit: No
Java min ver:	1.008.000
Java max ver:	1.008.000_351
JRE paths:	C:\Program Files\Java\jre1.8.0_351
Check launcher:	C:\Program Files\Java\jre1.8.0_351\bin\javaw.exe (not found)
64-bit search:	SOFTWARE\JavaSoft\Java Runtime Environment...
32-bit search:	SOFTWARE\JavaSoft\Java Runtime Environment...
64-bit search:	SOFTWARE\JavaSoft\Java Development Kit...
32-bit search:	SOFTWARE\JavaSoft\Java Development Kit...
64-bit search:	SOFTWARE\JavaSoft\JRE...
32-bit search:	SOFTWARE\JavaSoft\JRE...
64-bit search:	SOFTWARE\JavaSoft\JDK...
Check:		SOFTWARE\JavaSoft\JDK\20.0.2
Version string: 1.020.000_002 / 64-Bit (Ignore)
Ignore:		1.020.000_002
32-bit search:	SOFTWARE\JavaSoft\JDK...
64-bit search:	SOFTWARE\IBM\Java Runtime Environment...
32-bit search:	SOFTWARE\IBM\Java Runtime Environment...
64-bit search:	SOFTWARE\IBM\Java Development Kit...
32-bit search:	SOFTWARE\IBM\Java Development Kit...
64-bit search:	SOFTWARE\IBM\Java2 Runtime Environment...
32-bit search:	SOFTWARE\IBM\Java2 Runtime Environment...
64-bit search:	SOFTWARE\IBM\Java Development Kit...
32-bit search:	SOFTWARE\IBM\Java Development Kit...
Error msg:	This application requires a Java Runtime Environment 1.8.0 - 1.8.0_351


Version:	3.50
CmdLine:	D:\English-DictApp\EnglishDictApp\app.exe --l4j-debug
JNI:		No
WOW64:		Yes
Working dir:	D:\English-DictApp\EnglishDictApp\.
Requires JDK:	No
Requires 64-Bit: No
Java min ver:	1.008.000
Java max ver:	1.008.000_351
JRE paths:	C:\Program Files\Java\jre1.8.0_351
Check launcher:	C:\Program Files\Java\jre1.8.0_351\bin\javaw.exe (not found)
64-bit search:	SOFTWARE\JavaSoft\Java Runtime Environment...
32-bit search:	SOFTWARE\JavaSoft\Java Runtime Environment...
64-bit search:	SOFTWARE\JavaSoft\Java Development Kit...
32-bit search:	SOFTWARE\JavaSoft\Java Development Kit...
64-bit search:	SOFTWARE\JavaSoft\JRE...
32-bit search:	SOFTWARE\JavaSoft\JRE...
64-bit search:	SOFTWARE\JavaSoft\JDK...
Check:		SOFTWARE\JavaSoft\JDK\20.0.2
Version string: 1.020.000_002 / 64-Bit (Ignore)
Ignore:		1.020.000_002
32-bit search:	SOFTWARE\JavaSoft\JDK...
64-bit search:	SOFTWARE\IBM\Java Runtime Environment...
32-bit search:	SOFTWARE\IBM\Java Runtime Environment...
64-bit search:	SOFTWARE\IBM\Java Development Kit...
32-bit search:	SOFTWARE\IBM\Java Development Kit...
64-bit search:	SOFTWARE\IBM\Java2 Runtime Environment...
32-bit search:	SOFTWARE\IBM\Java2 Runtime Environment...
64-bit search:	SOFTWARE\IBM\Java Development Kit...
32-bit search:	SOFTWARE\IBM\Java Development Kit...
Error msg:	This application requires a Java Runtime Environment 1.8.0 - 1.8.0_351


Version:	3.50
CmdLine:	D:\English-DictApp\EnglishDictApp\app.exe --l4j-debug
JNI:		No
WOW64:		Yes
Working dir:	D:\English-DictApp\EnglishDictApp\.
Requires JDK:	No
Requires 64-Bit: No
Java min ver:	
Java max ver:	
JRE paths:	C:\Program Files\Java\jre1.8.0_351
Check launcher:	C:\Program Files\Java\jre1.8.0_351\bin\javaw.exe (not found)
Error msg:	This application requires a Java Runtime Environment.


Version:	3.50
CmdLine:	D:\English-DictApp\EnglishDictApp\app.exe --l4j-debug
JNI:		No
WOW64:		Yes
Working dir:	D:\English-DictApp\EnglishDictApp\.
Requires JDK:	No
Requires 64-Bit: No
Java min ver:	
Java max ver:	
JRE paths:	C:\Program Files\Java\jre1.8.0_351
Check launcher:	C:\Program Files\Java\jre1.8.0_351\bin\javaw.exe (not found)
Error msg:	This application requires a Java Runtime Environment.


Version:	3.50
CmdLine:	D:\English-DictApp\EnglishDictApp\app.exe --l4j-debug
JNI:		No
WOW64:		Yes
Working dir:	D:\English-DictApp\EnglishDictApp\.
Requires JDK:	No
Requires 64-Bit: No
Java min ver:	
Java max ver:	
JRE paths:	C:\Program Files\Java\jre1.8.0_351
Check launcher:	C:\Program Files\Java\jre1.8.0_351\bin\javaw.exe (not found)
Error msg:	This application requires a Java Runtime Environment.


Version:	3.50
CmdLine:	D:\English-DictApp\EnglishDictApp\app.exe --l4j-debug
JNI:		No
WOW64:		Yes
Working dir:	D:\English-DictApp\EnglishDictApp\.
Requires JDK:	No
Requires 64-Bit: No
Java min ver:	
Java max ver:	
JRE paths:	C:\Program Files\Java\jre1.8.0_351
Check launcher:	C:\Program Files\Java\jre1.8.0_351\bin\javaw.exe (not found)
Error msg:	This application requires a Java Runtime Environment.


Version:	3.50
CmdLine:	D:\English-DictApp\EnglishDictApp\app.exe --l4j-debug
JNI:		No
WOW64:		Yes
Working dir:	D:\English-DictApp\EnglishDictApp\.
Requires JDK:	No
Requires 64-Bit: No
Java min ver:	
Java max ver:	
JRE paths:	C:\Program Files\Java\jre-1.8
Check launcher:	C:\Program Files\Java\jre-1.8\bin\javaw.exe (OK)
Version string: 1.008.000_391 / 64-Bit (OK)
Launcher:	C:\Program Files\Java\jre-1.8\bin\javaw.exe
Launcher args:	-jar "D:\English-DictApp\EnglishDictApp\app.exe"
Args length:	48/32768 chars
Exit code:	0


Version:	3.50
CmdLine:	D:\English-DictApp\EnglishDictApp\app.exe --l4j-debug
JNI:		No
WOW64:		Yes
Working dir:	D:\English-DictApp\EnglishDictApp\.
Requires JDK:	Yes
Requires 64-Bit: No
Java min ver:	
Java max ver:	
JRE paths:	C:\Program Files\Java\jdk-20
Check launcher:	C:\Program Files\Java\jdk-20\bin\javaw.exe (OK)
Check javac:	C:\Program Files\Java\jdk-20\bin\javac.exe (OK)
Version string: 1.020.000_002 / 64-Bit (OK)
Launcher:	C:\Program Files\Java\jdk-20\bin\javaw.exe
Launcher args:	-jar "D:\English-DictApp\EnglishDictApp\app.exe"
Args length:	48/32768 chars
Exit code:	0


Version:	3.50
CmdLine:	D:\English-DictApp\EnglishDictApp\app.exe --l4j-debug
JNI:		No
WOW64:		Yes
Working dir:	D:\English-DictApp\EnglishDictApp\.
Requires JDK:	Yes
Requires 64-Bit: No
Java min ver:	
Java max ver:	
JRE paths:	C:\Program Files\Java\jdk-20
Check launcher:	C:\Program Files\Java\jdk-20\bin\javaw.exe (OK)
Check javac:	C:\Program Files\Java\jdk-20\bin\javac.exe (OK)
Version string: 1.020.000_002 / 64-Bit (OK)
Launcher:	C:\Program Files\Java\jdk-20\bin\javaw.exe
Launcher args:	--enable-preview -jar "D:\English-DictApp\EnglishDictApp\app.exe"
Args length:	65/32768 chars
Exit code:	0


Version:	3.50
CmdLine:	D:\English-DictApp\EnglishDictApp\app.exe --l4j-debug
JNI:		No
WOW64:		Yes
Working dir:	D:\English-DictApp\EnglishDictApp\.
Requires JDK:	Yes
Requires 64-Bit: No
Java min ver:	
Java max ver:	
JRE paths:	C:\Program Files\Java\jdk-20
Check launcher:	C:\Program Files\Java\jdk-20\bin\javaw.exe (OK)
Check javac:	C:\Program Files\Java\jdk-20\bin\javac.exe (OK)
Version string: 1.020.000_002 / 64-Bit (OK)
Launcher:	C:\Program Files\Java\jdk-20\bin\javaw.exe
Launcher args:	--enable-preview --module-path lib/javafx-sdk-21/lib --add-modules javafx.controls,javafx.fxml -jar "D:\English-DictApp\EnglishDictApp\app.exe"
Args length:	143/32768 chars
Exit code:	0


Version:	3.50
CmdLine:	D:\English-DictApp\EnglishDictApp\app.exe --l4j-debug
JNI:		No
WOW64:		Yes
Working dir:	D:\English-DictApp\EnglishDictApp\.
Requires JDK:	Yes
Requires 64-Bit: No
Java min ver:	
Java max ver:	
JRE paths:	C:\Program Files\Java\jdk-20
Check launcher:	C:\Program Files\Java\jdk-20\bin\javaw.exe (OK)
Check javac:	C:\Program Files\Java\jdk-20\bin\javac.exe (OK)
Version string: 1.020.000_002 / 64-Bit (OK)
Launcher:	C:\Program Files\Java\jdk-20\bin\javaw.exe
Launcher args:	--enable-preview --module-path lib/javafx-sdk-21/lib --add-modules javafx.controls,javafx.fxml -jar "D:\English-DictApp\EnglishDictApp\app.exe"
Args length:	143/32768 chars
Exit code:	0


Version:	3.50
CmdLine:	D:\English-DictApp\EnglishDictApp\app.exe --l4j-debug
JNI:		No
WOW64:		Yes
Working dir:	D:\English-DictApp\EnglishDictApp\.
Requires JDK:	Yes
Requires 64-Bit: No
Java min ver:	
Java max ver:	
JRE paths:	C:\Program Files\Java\jdk-20
Check launcher:	C:\Program Files\Java\jdk-20\bin\javaw.exe (OK)
Check javac:	C:\Program Files\Java\jdk-20\bin\javac.exe (OK)
Version string: 1.020.000_002 / 64-Bit (OK)
Launcher:	C:\Program Files\Java\jdk-20\bin\javaw.exe
Launcher args:	--enable-preview --module-path lib/javafx-sdk-21/lib --add-modules javafx.controls,javafx.fxml -jar "D:\English-DictApp\EnglishDictApp\app.exe"
Args length:	143/32768 chars
Exit code:	0


Version:	3.50
CmdLine:	D:\English-DictApp\EnglishDictApp\app.exe --l4j-debug
JNI:		No
WOW64:		Yes
Working dir:	D:\English-DictApp\EnglishDictApp\.
Requires JDK:	Yes
Requires 64-Bit: No
Java min ver:	
Java max ver:	
JRE paths:	C:\Program Files\Java\jdk-20
Check launcher:	C:\Program Files\Java\jdk-20\bin\javaw.exe (OK)
Check javac:	C:\Program Files\Java\jdk-20\bin\javac.exe (OK)
Version string: 1.020.000_002 / 64-Bit (OK)
Launcher:	C:\Program Files\Java\jdk-20\bin\javaw.exe
Launcher args:	--enable-preview --module-path lib/javafx-sdk-21/lib --add-modules javafx.controls,javafx.fxml -jar "D:\English-DictApp\EnglishDictApp\app.exe"
Args length:	143/32768 chars
Exit code:	0


Version:	3.50
CmdLine:	D:\English-DictApp\EnglishDictApp\app.exe --l4j-debug
JNI:		No
WOW64:		Yes
Working dir:	D:\English-DictApp\EnglishDictApp\.
Requires JDK:	Yes
Requires 64-Bit: No
Java min ver:	
Java max ver:	
JRE paths:	C:\Program Files\Java\jdk-20
Check launcher:	C:\Program Files\Java\jdk-20\bin\javaw.exe (OK)
Check javac:	C:\Program Files\Java\jdk-20\bin\javac.exe (OK)
Version string: 1.020.000_002 / 64-Bit (OK)
Launcher:	C:\Program Files\Java\jdk-20\bin\javaw.exe
Launcher args:	--enable-preview --module-path lib/javafx-sdk-21/lib --add-modules javafx.controls,javafx.fxml -jar "D:\English-DictApp\EnglishDictApp\app.exe"
Args length:	143/32768 chars
Exit code:	0


Version:	3.50
CmdLine:	D:\English-DictApp\EnglishDictApp\app.exe --l4j-debug
JNI:		No
WOW64:		Yes
Working dir:	D:\English-DictApp\EnglishDictApp\.
Requires JDK:	Yes
Requires 64-Bit: No
Java min ver:	
Java max ver:	
JRE paths:	C:\Program Files\Java\jdk-20
Check launcher:	C:\Program Files\Java\jdk-20\bin\javaw.exe (OK)
Check javac:	C:\Program Files\Java\jdk-20\bin\javac.exe (OK)
Version string: 1.020.000_002 / 64-Bit (OK)
Launcher:	C:\Program Files\Java\jdk-20\bin\javaw.exe
Launcher args:	--enable-preview --module-path lib/javafx-sdk-21/lib --add-modules javafx.controls,javafx.fxml -jar "D:\English-DictApp\EnglishDictApp\app.exe"
Args length:	143/32768 chars
Exit code:	0
